2026-04-27 11:49:57,478 [INFO] django.utils.autoreload: Watching for file changes with StatReloader
2026-04-27 11:49:57,554 [INFO] django.utils.autoreload: Watching for file changes with StatReloader
2026-04-27 11:57:30,724 [INFO] django.utils.autoreload: Watching for file changes with StatReloader
2026-04-27 11:58:00,159 [INFO] django.utils.autoreload: Watching for file changes with StatReloader
2026-04-27 12:21:39,493 [INFO] django.utils.autoreload: /home/bewnet/Desktop/projects/dipcom/backend/core/settings.py changed, reloading.
2026-04-27 12:21:40,517 [INFO] django.utils.autoreload: Watching for file changes with StatReloader
2026-04-27 23:12:03,270 [INFO] django.utils.autoreload: Watching for file changes with StatReloader
2026-05-05 10:35:29,670 [INFO] django.utils.autoreload: Watching for file changes with StatReloader
2026-05-05 10:42:37,626 [INFO] django.utils.autoreload: Watching for file changes with StatReloader
2026-05-05 11:11:03,647 [INFO] django.utils.autoreload: /home/bewnet/Desktop/projects/backend/api/models.py changed, reloading.
2026-05-05 11:11:04,886 [INFO] django.utils.autoreload: Watching for file changes with StatReloader
2026-05-05 11:11:54,270 [INFO] django.utils.autoreload: /home/bewnet/Desktop/projects/backend/api/views.py changed, reloading.
2026-05-05 11:11:55,362 [INFO] django.utils.autoreload: Watching for file changes with StatReloader
2026-05-05 11:12:02,932 [INFO] django.utils.autoreload: /home/bewnet/Desktop/projects/backend/api/views.py changed, reloading.
2026-05-05 11:12:03,751 [INFO] django.utils.autoreload: Watching for file changes with StatReloader
2026-05-05 11:32:10,619 [INFO] django.utils.autoreload: Watching for file changes with StatReloader
2026-05-05 11:32:39,989 [INFO] django.utils.autoreload: Watching for file changes with StatReloader
2026-05-05 11:41:34,125 [INFO] django.utils.autoreload: /home/bewnet/Desktop/projects/backend/api/models.py changed, reloading.
2026-05-05 11:41:35,215 [INFO] django.utils.autoreload: Watching for file changes with StatReloader
2026-05-05 11:41:48,785 [INFO] django.utils.autoreload: /home/bewnet/Desktop/projects/backend/api/admin.py changed, reloading.
2026-05-05 11:41:49,447 [INFO] django.utils.autoreload: Watching for file changes with StatReloader
2026-05-05 11:42:01,971 [INFO] django.utils.autoreload: /home/bewnet/Desktop/projects/backend/api/admin.py changed, reloading.
2026-05-05 11:42:02,661 [INFO] django.utils.autoreload: Watching for file changes with StatReloader
2026-05-05 11:56:07,181 [INFO] django.utils.autoreload: /home/bewnet/Desktop/projects/backend/api/serializers.py changed, reloading.
2026-05-05 11:56:08,566 [INFO] django.utils.autoreload: Watching for file changes with StatReloader
2026-05-05 11:56:17,193 [INFO] django.utils.autoreload: /home/bewnet/Desktop/projects/backend/api/serializers.py changed, reloading.
2026-05-05 11:56:18,422 [INFO] django.utils.autoreload: Watching for file changes with StatReloader
2026-05-05 11:56:38,286 [INFO] django.utils.autoreload: /home/bewnet/Desktop/projects/backend/api/serializers.py changed, reloading.
2026-05-05 11:56:39,534 [INFO] django.utils.autoreload: Watching for file changes with StatReloader
2026-05-05 11:56:52,171 [INFO] django.utils.autoreload: /home/bewnet/Desktop/projects/backend/api/serializers.py changed, reloading.
2026-05-05 11:56:53,303 [INFO] django.utils.autoreload: Watching for file changes with StatReloader
2026-05-05 11:57:50,731 [INFO] django.utils.autoreload: /home/bewnet/Desktop/projects/backend/api/admin.py changed, reloading.
2026-05-05 11:57:51,938 [INFO] django.utils.autoreload: Watching for file changes with StatReloader
2026-05-05 13:09:27,871 [INFO] django.utils.autoreload: Watching for file changes with StatReloader
2026-05-06 20:10:50,095 [INFO] django.utils.autoreload: Watching for file changes with StatReloader
2026-05-08 20:46:09,545 [INFO] django.utils.autoreload: Watching for file changes with StatReloader
2026-05-08 21:16:14,749 [INFO] django.utils.autoreload: Watching for file changes with StatReloader
